f:\projects\simplex_2181\z_delete\a05 - sat\debug\vc141.pdb
f:\projects\simplex_2181\z_delete\a05 - sat\debug\vc141.idb
f:\projects\simplex_2181\z_delete\a05 - sat\debug\myrigidbody.obj
f:\projects\simplex_2181\z_delete\a05 - sat\debug\main.obj
f:\projects\simplex_2181\z_delete\a05 - sat\debug\controllerconfiguration.obj
f:\projects\simplex_2181\z_delete\a05 - sat\debug\appclassmain.obj
f:\projects\simplex_2181\z_delete\a05 - sat\debug\appclassgui.obj
f:\projects\simplex_2181\z_delete\a05 - sat\debug\appclasscontrols.obj
f:\projects\simplex_2181\z_delete\a05 - sat\debug\appclass.obj
f:\projects\simplex_2181\z_delete\a05 - sat\debug\imgui_draw.obj
f:\projects\simplex_2181\z_delete\a05 - sat\debug\imgui_demo.obj
f:\projects\simplex_2181\z_delete\a05 - sat\debug\imgui.obj
f:\projects\simplex_2181\z_delete\a05 - sat_d.exe
f:\projects\simplex_2181\z_delete\a05 - sat_d.ilk
f:\projects\simplex_2181\z_delete\a05 - sat_d.pdb
f:\projects\simplex_2181\z_delete\a05 - sat\debug\bto.res
f:\projects\simplex_2181\z_delete\a05 - sat\debug\a05 - sat.tlog\cl.command.1.tlog
f:\projects\simplex_2181\z_delete\a05 - sat\debug\a05 - sat.tlog\cl.read.1.tlog
f:\projects\simplex_2181\z_delete\a05 - sat\debug\a05 - sat.tlog\cl.write.1.tlog
f:\projects\simplex_2181\z_delete\a05 - sat\debug\a05 - sat.tlog\link.command.1.tlog
f:\projects\simplex_2181\z_delete\a05 - sat\debug\a05 - sat.tlog\link.read.1.tlog
f:\projects\simplex_2181\z_delete\a05 - sat\debug\a05 - sat.tlog\link.write.1.tlog
f:\projects\simplex_2181\z_delete\a05 - sat\debug\a05 - sat.tlog\rc.command.1.tlog
f:\projects\simplex_2181\z_delete\a05 - sat\debug\a05 - sat.tlog\rc.read.1.tlog
f:\projects\simplex_2181\z_delete\a05 - sat\debug\a05 - sat.tlog\rc.write.1.tlog
