  AppClass.cpp
  E06 - LERP.vcxproj -> F:\Projects\Simplex_2181\Z_DELETE\E06 - LERP_d.exe
  Copying Shaders...
  F:\Projects\Simplex_2181\include\Simplex\Shaders\Basic-Instanced.vs
  F:\Projects\Simplex_2181\include\Simplex\Shaders\Basic.fs
  F:\Projects\Simplex_2181\include\Simplex\Shaders\Basic.vs
  F:\Projects\Simplex_2181\include\Simplex\Shaders\BasicColor.fs
  F:\Projects\Simplex_2181\include\Simplex\Shaders\BasicColor.vs
  F:\Projects\Simplex_2181\include\Simplex\Shaders\Line.fs
  F:\Projects\Simplex_2181\include\Simplex\Shaders\Line.vs
  F:\Projects\Simplex_2181\include\Simplex\Shaders\Minimal.fs
  F:\Projects\Simplex_2181\include\Simplex\Shaders\Minimal.vs
  F:\Projects\Simplex_2181\include\Simplex\Shaders\MinimalRed.fs
  F:\Projects\Simplex_2181\include\Simplex\Shaders\Simplex.fs
  F:\Projects\Simplex_2181\include\Simplex\Shaders\Simplex.vs
  F:\Projects\Simplex_2181\include\Simplex\Shaders\Skybox.fs
  F:\Projects\Simplex_2181\include\Simplex\Shaders\Skybox.vs
  F:\Projects\Simplex_2181\include\Simplex\Shaders\Text.fs
  F:\Projects\Simplex_2181\include\Simplex\Shaders\Text.vs
  F:\Projects\Simplex_2181\include\Simplex\Shaders\Wireframe.fs
  17 File(s) copied
