  AppClass.cpp
  Generating code
  5 of 1392 functions ( 0.4%) were compiled, the rest were copied from previous compilation.
    0 functions were new in current compilation
    2 functions had inline decision re-evaluated but remain unchanged
  Finished generating code
  A06 - Octree.vcxproj -> C:\Users\zheng\Desktop\GDD2_FinalProject\breakoutBrick\Z_DELETE\A06 - Octree.exe
  Copying files...
          1 file(s) copied.
  C:\Users\zheng\Desktop\GDD2_FinalProject\breakoutBrick\include\Simplex\Shaders\Basic-Instanced.vs
  C:\Users\zheng\Desktop\GDD2_FinalProject\breakoutBrick\include\Simplex\Shaders\Basic.fs
  C:\Users\zheng\Desktop\GDD2_FinalProject\breakoutBrick\include\Simplex\Shaders\Basic.vs
  C:\Users\zheng\Desktop\GDD2_FinalProject\breakoutBrick\include\Simplex\Shaders\BasicColor.fs
  C:\Users\zheng\Desktop\GDD2_FinalProject\breakoutBrick\include\Simplex\Shaders\BasicColor.vs
  C:\Users\zheng\Desktop\GDD2_FinalProject\breakoutBrick\include\Simplex\Shaders\Line.fs
  C:\Users\zheng\Desktop\GDD2_FinalProject\breakoutBrick\include\Simplex\Shaders\Line.vs
  C:\Users\zheng\Desktop\GDD2_FinalProject\breakoutBrick\include\Simplex\Shaders\Minimal.fs
  C:\Users\zheng\Desktop\GDD2_FinalProject\breakoutBrick\include\Simplex\Shaders\Minimal.vs
  C:\Users\zheng\Desktop\GDD2_FinalProject\breakoutBrick\include\Simplex\Shaders\MinimalRed.fs
  C:\Users\zheng\Desktop\GDD2_FinalProject\breakoutBrick\include\Simplex\Shaders\Simplex.fs
  C:\Users\zheng\Desktop\GDD2_FinalProject\breakoutBrick\include\Simplex\Shaders\Simplex.vs
  C:\Users\zheng\Desktop\GDD2_FinalProject\breakoutBrick\include\Simplex\Shaders\Skybox.fs
  C:\Users\zheng\Desktop\GDD2_FinalProject\breakoutBrick\include\Simplex\Shaders\Skybox.vs
  C:\Users\zheng\Desktop\GDD2_FinalProject\breakoutBrick\include\Simplex\Shaders\Text.fs
  C:\Users\zheng\Desktop\GDD2_FinalProject\breakoutBrick\include\Simplex\Shaders\Text.vs
  C:\Users\zheng\Desktop\GDD2_FinalProject\breakoutBrick\include\Simplex\Shaders\Wireframe.fs
  17 File(s) copied
